::1 - - [23/Sep/2018:15:53:59 +0000] "GET / HTTP/1.1" 200 394 "-" "Mozilla/5.0 (Windows NT 10.0; Win64; x64) AppleWebKit/537.36 (KHTML, like Gecko) Chrome/69.0.3497.100 Safari/537.36"
::1 - - [23/Sep/2018:15:53:59 +0000] "GET /mainController.js HTTP/1.1" 200 732 "http://localhost:8082/" "Mozilla/5.0 (Windows NT 10.0; Win64; x64) AppleWebKit/537.36 (KHTML, like Gecko) Chrome/69.0.3497.100 Safari/537.36"
::1 - - [23/Sep/2018:15:53:59 +0000] "GET /images/sign-in-button.png HTTP/1.1" 200 69503 "http://localhost:8082/" "Mozilla/5.0 (Windows NT 10.0; Win64; x64) AppleWebKit/537.36 (KHTML, like Gecko) Chrome/69.0.3497.100 Safari/537.36"
::1 - - [23/Sep/2018:15:53:59 +0000] "GET /favicon.ico HTTP/1.1" 404 150 "http://localhost:8082/" "Mozilla/5.0 (Windows NT 10.0; Win64; x64) AppleWebKit/537.36 (KHTML, like Gecko) Chrome/69.0.3497.100 Safari/537.36"
::1 - - [23/Sep/2018:15:54:01 +0000] "GET /url HTTP/1.1" 200 287 "http://localhost:8082/" "Mozilla/5.0 (Windows NT 10.0; Win64; x64) AppleWebKit/537.36 (KHTML, like Gecko) Chrome/69.0.3497.100 Safari/537.36"
::1 - - [23/Sep/2018:15:54:09 +0000] "GET /url HTTP/1.1" 304 - "http://localhost:8082/" "Mozilla/5.0 (Windows NT 10.0; Win64; x64) AppleWebKit/537.36 (KHTML, like Gecko) Chrome/69.0.3497.100 Safari/537.36"
::1 - - [23/Sep/2018:15:55:21 +0000] "GET /oauthcallback?code=4%2FYwDg7w9xu7LgVMulTtqIyeYvLH9GDzcgvOGWZ0BVfJAqM0mb4r16oSB0xWwZGVhJmOPNLU5YBXz8N4Fl1s7zkog&scope=https%3A%2F%2Fwww.googleapis.com%2Fauth%2Fgmail.readonly HTTP/1.1" 301 521 "-" "Mozilla/5.0 (Windows NT 10.0; Win64; x64) AppleWebKit/537.36 (KHTML, like Gecko) Chrome/69.0.3497.100 Safari/537.36"
::1 - - [23/Sep/2018:15:55:21 +0000] "GET /oauthcallback/?code=4%2FYwDg7w9xu7LgVMulTtqIyeYvLH9GDzcgvOGWZ0BVfJAqM0mb4r16oSB0xWwZGVhJmOPNLU5YBXz8N4Fl1s7zkog&scope=https%3A%2F%2Fwww.googleapis.com%2Fauth%2Fgmail.readonly HTTP/1.1" 200 201 "-" "Mozilla/5.0 (Windows NT 10.0; Win64; x64) AppleWebKit/537.36 (KHTML, like Gecko) Chrome/69.0.3497.100 Safari/537.36"
::1 - - [23/Sep/2018:15:55:21 +0000] "GET /token?code=4%252FYwDg7w9xu7LgVMulTtqIyeYvLH9GDzcgvOGWZ0BVfJAqM0mb4r16oSB0xWwZGVhJmOPNLU5YBXz8N4Fl1s7zkog HTTP/1.1" 200 0 "http://localhost:8082/" "Mozilla/5.0 (Windows NT 10.0; Win64; x64) AppleWebKit/537.36 (KHTML, like Gecko) Chrome/69.0.3497.100 Safari/537.36"
::1 - - [23/Sep/2018:15:55:58 +0000] "GET /url HTTP/1.1" 304 - "http://localhost:8082/" "Mozilla/5.0 (Windows NT 10.0; Win64; x64) AppleWebKit/537.36 (KHTML, like Gecko) Chrome/69.0.3497.100 Safari/537.36"
::1 - - [23/Sep/2018:15:55:58 +0000] "GET /oauthcallback?code=4/YwDAFHLO-i2UmefOnta1XKYK4X8LvUpOMInIOpeRUAx1OT9QOzPfFwhumHQfwetXu_8OEBJubdaO_Wefsvcchs4&scope=https://www.googleapis.com/auth/gmail.readonly HTTP/1.1" 301 497 "http://localhost:8082/" "Mozilla/5.0 (Windows NT 10.0; Win64; x64) AppleWebKit/537.36 (KHTML, like Gecko) Chrome/69.0.3497.100 Safari/537.36"
::1 - - [23/Sep/2018:15:55:58 +0000] "GET /oauthcallback/?code=4/YwDAFHLO-i2UmefOnta1XKYK4X8LvUpOMInIOpeRUAx1OT9QOzPfFwhumHQfwetXu_8OEBJubdaO_Wefsvcchs4&scope=https://www.googleapis.com/auth/gmail.readonly HTTP/1.1" 200 201 "http://localhost:8082/" "Mozilla/5.0 (Windows NT 10.0; Win64; x64) AppleWebKit/537.36 (KHTML, like Gecko) Chrome/69.0.3497.100 Safari/537.36"
::1 - - [23/Sep/2018:15:56:00 +0000] "GET /token?code=4%2FYwDAFHLO-i2UmefOnta1XKYK4X8LvUpOMInIOpeRUAx1OT9QOzPfFwhumHQfwetXu_8OEBJubdaO_Wefsvcchs4 HTTP/1.1" 200 257 "http://localhost:8082/" "Mozilla/5.0 (Windows NT 10.0; Win64; x64) AppleWebKit/537.36 (KHTML, like Gecko) Chrome/69.0.3497.100 Safari/537.36"
::1 - - [23/Sep/2018:15:56:20 +0000] "GET / HTTP/1.1" 304 - "-" "Mozilla/5.0 (Windows NT 10.0; Win64; x64) AppleWebKit/537.36 (KHTML, like Gecko) Chrome/69.0.3497.100 Safari/537.36"
::1 - - [23/Sep/2018:15:56:20 +0000] "GET /mainController.js HTTP/1.1" 304 - "http://localhost:8082/" "Mozilla/5.0 (Windows NT 10.0; Win64; x64) AppleWebKit/537.36 (KHTML, like Gecko) Chrome/69.0.3497.100 Safari/537.36"
::1 - - [23/Sep/2018:15:56:23 +0000] "GET /images/sign-in-button.png HTTP/1.1" 304 - "http://localhost:8082/" "Mozilla/5.0 (Windows NT 10.0; Win64; x64) AppleWebKit/537.36 (KHTML, like Gecko) Chrome/69.0.3497.100 Safari/537.36"
::1 - - [23/Sep/2018:15:56:31 +0000] "GET /url HTTP/1.1" 304 - "http://localhost:8082/" "Mozilla/5.0 (Windows NT 10.0; Win64; x64) AppleWebKit/537.36 (KHTML, like Gecko) Chrome/69.0.3497.100 Safari/537.36"
::1 - - [23/Sep/2018:15:56:48 +0000] "GET /oauthcallback?code=4%2FYwC1Z3nfIOmW7e4kG8XZw2HG7gfCVKWgUDJ_8nMzLNEqFax48Kz55mQRROUWio9QZxiPqTDHjuNx236S2rAtZVA&scope=https%3A%2F%2Fwww.googleapis.com%2Fauth%2Fgmail.readonly HTTP/1.1" 301 521 "-" "Mozilla/5.0 (Windows NT 10.0; Win64; x64) AppleWebKit/537.36 (KHTML, like Gecko) Chrome/69.0.3497.100 Safari/537.36"
::1 - - [23/Sep/2018:15:56:48 +0000] "GET /oauthcallback/?code=4%2FYwC1Z3nfIOmW7e4kG8XZw2HG7gfCVKWgUDJ_8nMzLNEqFax48Kz55mQRROUWio9QZxiPqTDHjuNx236S2rAtZVA&scope=https%3A%2F%2Fwww.googleapis.com%2Fauth%2Fgmail.readonly HTTP/1.1" 200 201 "-" "Mozilla/5.0 (Windows NT 10.0; Win64; x64) AppleWebKit/537.36 (KHTML, like Gecko) Chrome/69.0.3497.100 Safari/537.36"
::1 - - [23/Sep/2018:15:56:55 +0000] "GET /token?code=4%252FYwC1Z3nfIOmW7e4kG8XZw2HG7gfCVKWgUDJ_8nMzLNEqFax48Kz55mQRROUWio9QZxiPqTDHjuNx236S2rAtZVA HTTP/1.1" 200 0 "http://localhost:8082/" "Mozilla/5.0 (Windows NT 10.0; Win64; x64) AppleWebKit/537.36 (KHTML, like Gecko) Chrome/69.0.3497.100 Safari/537.36"
::1 - - [23/Sep/2018:15:59:23 +0000] "GET / HTTP/1.1" 304 - "-" "Mozilla/5.0 (Windows NT 10.0; Win64; x64) AppleWebKit/537.36 (KHTML, like Gecko) Chrome/69.0.3497.100 Safari/537.36"
::1 - - [23/Sep/2018:15:59:23 +0000] "GET /mainController.js HTTP/1.1" 304 - "http://localhost:8082/" "Mozilla/5.0 (Windows NT 10.0; Win64; x64) AppleWebKit/537.36 (KHTML, like Gecko) Chrome/69.0.3497.100 Safari/537.36"
::1 - - [23/Sep/2018:15:59:23 +0000] "GET /images/sign-in-button.png HTTP/1.1" 304 - "http://localhost:8082/" "Mozilla/5.0 (Windows NT 10.0; Win64; x64) AppleWebKit/537.36 (KHTML, like Gecko) Chrome/69.0.3497.100 Safari/537.36"
::1 - - [23/Sep/2018:15:59:31 +0000] "GET /url HTTP/1.1" 304 - "http://localhost:8082/" "Mozilla/5.0 (Windows NT 10.0; Win64; x64) AppleWebKit/537.36 (KHTML, like Gecko) Chrome/69.0.3497.100 Safari/537.36"
::1 - - [23/Sep/2018:15:59:41 +0000] "GET /oauthcallback?code=4%2FYwADExazvzCeL5P5CikymZSu0Anqw9j-RiWVqxUIJ8BaGRlqiaNppq09ufq7d0B9eojvOusngnnOhh_NhiBptgY&scope=https%3A%2F%2Fwww.googleapis.com%2Fauth%2Fgmail.readonly HTTP/1.1" 301 521 "-" "Mozilla/5.0 (Windows NT 10.0; Win64; x64) AppleWebKit/537.36 (KHTML, like Gecko) Chrome/69.0.3497.100 Safari/537.36"
::1 - - [23/Sep/2018:15:59:41 +0000] "GET /oauthcallback/?code=4%2FYwADExazvzCeL5P5CikymZSu0Anqw9j-RiWVqxUIJ8BaGRlqiaNppq09ufq7d0B9eojvOusngnnOhh_NhiBptgY&scope=https%3A%2F%2Fwww.googleapis.com%2Fauth%2Fgmail.readonly HTTP/1.1" 200 201 "-" "Mozilla/5.0 (Windows NT 10.0; Win64; x64) AppleWebKit/537.36 (KHTML, like Gecko) Chrome/69.0.3497.100 Safari/537.36"
::1 - - [23/Sep/2018:16:01:01 +0000] "GET /token?code=4%252FYwADExazvzCeL5P5CikymZSu0Anqw9j-RiWVqxUIJ8BaGRlqiaNppq09ufq7d0B9eojvOusngnnOhh_NhiBptgY HTTP/1.1" 200 0 "http://localhost:8082/" "Mozilla/5.0 (Windows NT 10.0; Win64; x64) AppleWebKit/537.36 (KHTML, like Gecko) Chrome/69.0.3497.100 Safari/537.36"
::1 - - [23/Sep/2018:16:01:14 +0000] "GET /url HTTP/1.1" 304 - "http://localhost:8082/" "Mozilla/5.0 (Windows NT 10.0; Win64; x64) AppleWebKit/537.36 (KHTML, like Gecko) Chrome/69.0.3497.100 Safari/537.36"
::1 - - [23/Sep/2018:16:01:24 +0000] "GET /oauthcallback?code=4%2FYwARmQbVRFVW5h8u-tgpsPUZTyakxlBJDFZi1mAvKSBADnPfX_mnN66PqkXWOmolrQ9ZKKiHFR9lMheVIiudUTs&scope=https%3A%2F%2Fwww.googleapis.com%2Fauth%2Fgmail.readonly HTTP/1.1" 301 521 "-" "Mozilla/5.0 (Windows NT 10.0; Win64; x64) AppleWebKit/537.36 (KHTML, like Gecko) Chrome/69.0.3497.100 Safari/537.36"
::1 - - [23/Sep/2018:16:01:24 +0000] "GET /oauthcallback/?code=4%2FYwARmQbVRFVW5h8u-tgpsPUZTyakxlBJDFZi1mAvKSBADnPfX_mnN66PqkXWOmolrQ9ZKKiHFR9lMheVIiudUTs&scope=https%3A%2F%2Fwww.googleapis.com%2Fauth%2Fgmail.readonly HTTP/1.1" 200 201 "-" "Mozilla/5.0 (Windows NT 10.0; Win64; x64) AppleWebKit/537.36 (KHTML, like Gecko) Chrome/69.0.3497.100 Safari/537.36"
::1 - - [23/Sep/2018:16:02:51 +0000] "GET /token?code=4%252FYwARmQbVRFVW5h8u-tgpsPUZTyakxlBJDFZi1mAvKSBADnPfX_mnN66PqkXWOmolrQ9ZKKiHFR9lMheVIiudUTs HTTP/1.1" 200 0 "http://localhost:8082/" "Mozilla/5.0 (Windows NT 10.0; Win64; x64) AppleWebKit/537.36 (KHTML, like Gecko) Chrome/69.0.3497.100 Safari/537.36"
::1 - - [23/Sep/2018:16:03:16 +0000] "GET /url HTTP/1.1" 304 - "http://localhost:8082/" "Mozilla/5.0 (Windows NT 10.0; Win64; x64) AppleWebKit/537.36 (KHTML, like Gecko) Chrome/69.0.3497.100 Safari/537.36"
::1 - - [23/Sep/2018:16:03:16 +0000] "GET /oauthcallback?code=4/YwBYIMN0HKkS7YKESzZXtQfqv273P5YX24sMw7YWnxuW_3QLkdKm9S02kox_4ITm3lwzbel1ji5qr2reuppZvkc&scope=https://www.googleapis.com/auth/gmail.readonly HTTP/1.1" 301 497 "http://localhost:8082/" "Mozilla/5.0 (Windows NT 10.0; Win64; x64) AppleWebKit/537.36 (KHTML, like Gecko) Chrome/69.0.3497.100 Safari/537.36"
::1 - - [23/Sep/2018:16:03:16 +0000] "GET /oauthcallback/?code=4/YwBYIMN0HKkS7YKESzZXtQfqv273P5YX24sMw7YWnxuW_3QLkdKm9S02kox_4ITm3lwzbel1ji5qr2reuppZvkc&scope=https://www.googleapis.com/auth/gmail.readonly HTTP/1.1" 200 201 "http://localhost:8082/" "Mozilla/5.0 (Windows NT 10.0; Win64; x64) AppleWebKit/537.36 (KHTML, like Gecko) Chrome/69.0.3497.100 Safari/537.36"
::1 - - [23/Sep/2018:16:04:07 +0000] "GET /token?code=4%2FYwBYIMN0HKkS7YKESzZXtQfqv273P5YX24sMw7YWnxuW_3QLkdKm9S02kox_4ITm3lwzbel1ji5qr2reuppZvkc HTTP/1.1" 200 257 "http://localhost:8082/" "Mozilla/5.0 (Windows NT 10.0; Win64; x64) AppleWebKit/537.36 (KHTML, like Gecko) Chrome/69.0.3497.100 Safari/537.36"
::1 - - [23/Sep/2018:16:04:36 +0000] "GET /url HTTP/1.1" 304 - "http://localhost:8082/" "Mozilla/5.0 (Windows NT 10.0; Win64; x64) AppleWebKit/537.36 (KHTML, like Gecko) Chrome/69.0.3497.100 Safari/537.36"
::1 - - [23/Sep/2018:16:05:27 +0000] "GET /oauthcallback?code=4/YwB5xx6fqSXnpXMA8hZDm2YSpAgYRgSDGlCulcBUdOphDRBFRCY2Lr5INWgdXXnedWBGaFA5UcBmnxfuvNsejZs&scope=https://www.googleapis.com/auth/gmail.readonly HTTP/1.1" 301 497 "-" "Mozilla/5.0 (Windows NT 10.0; Win64; x64) AppleWebKit/537.36 (KHTML, like Gecko) Chrome/69.0.3497.100 Safari/537.36"
::1 - - [23/Sep/2018:16:05:27 +0000] "GET /oauthcallback/?code=4/YwB5xx6fqSXnpXMA8hZDm2YSpAgYRgSDGlCulcBUdOphDRBFRCY2Lr5INWgdXXnedWBGaFA5UcBmnxfuvNsejZs&scope=https://www.googleapis.com/auth/gmail.readonly HTTP/1.1" 200 201 "-" "Mozilla/5.0 (Windows NT 10.0; Win64; x64) AppleWebKit/537.36 (KHTML, like Gecko) Chrome/69.0.3497.100 Safari/537.36"
::1 - - [23/Sep/2018:16:05:50 +0000] "GET /token?code=4%2FYwB5xx6fqSXnpXMA8hZDm2YSpAgYRgSDGlCulcBUdOphDRBFRCY2Lr5INWgdXXnedWBGaFA5UcBmnxfuvNsejZs HTTP/1.1" 200 319 "http://localhost:8082/" "Mozilla/5.0 (Windows NT 10.0; Win64; x64) AppleWebKit/537.36 (KHTML, like Gecko) Chrome/69.0.3497.100 Safari/537.36"
::1 - - [23/Sep/2018:16:06:37 +0000] "GET /url HTTP/1.1" 304 - "http://localhost:8082/" "Mozilla/5.0 (Windows NT 10.0; Win64; x64) AppleWebKit/537.36 (KHTML, like Gecko) Chrome/69.0.3497.100 Safari/537.36"
::1 - - [23/Sep/2018:16:06:47 +0000] "GET /oauthcallback?code=4%2FYwDTFDJXu1Z3TVXPrWpLkyP9_M_j_I4p996LIzcn1susTADpPOej8Cvcyj4UH8-XLyVaUf-xdJQc0FoI8MtK9tA&scope=https%3A%2F%2Fwww.googleapis.com%2Fauth%2Fgmail.readonly HTTP/1.1" 301 521 "-" "Mozilla/5.0 (Windows NT 10.0; Win64; x64) AppleWebKit/537.36 (KHTML, like Gecko) Chrome/69.0.3497.100 Safari/537.36"
::1 - - [23/Sep/2018:16:06:47 +0000] "GET /oauthcallback/?code=4%2FYwDTFDJXu1Z3TVXPrWpLkyP9_M_j_I4p996LIzcn1susTADpPOej8Cvcyj4UH8-XLyVaUf-xdJQc0FoI8MtK9tA&scope=https%3A%2F%2Fwww.googleapis.com%2Fauth%2Fgmail.readonly HTTP/1.1" 200 201 "-" "Mozilla/5.0 (Windows NT 10.0; Win64; x64) AppleWebKit/537.36 (KHTML, like Gecko) Chrome/69.0.3497.100 Safari/537.36"
::1 - - [23/Sep/2018:16:07:21 +0000] "GET /token?code=4%252FYwDTFDJXu1Z3TVXPrWpLkyP9_M_j_I4p996LIzcn1susTADpPOej8Cvcyj4UH8-XLyVaUf-xdJQc0FoI8MtK9tA HTTP/1.1" 200 0 "http://localhost:8082/" "Mozilla/5.0 (Windows NT 10.0; Win64; x64) AppleWebKit/537.36 (KHTML, like Gecko) Chrome/69.0.3497.100 Safari/537.36"
::1 - - [23/Sep/2018:16:07:46 +0000] "GET /url HTTP/1.1" 304 - "http://localhost:8082/" "Mozilla/5.0 (Windows NT 10.0; Win64; x64) AppleWebKit/537.36 (KHTML, like Gecko) Chrome/69.0.3497.100 Safari/537.36"
::1 - - [23/Sep/2018:16:08:00 +0000] "GET /oauthcallback?code=4%2FYwBpXD8r4NzgTMIZmBG56ixE-yNZ2Jg1z7zlpkcCUPfXcaIYYrfrTzNHpaC4dsyg7sBBb7OKdBr9pKXz-COG-jo&scope=https%3A%2F%2Fwww.googleapis.com%2Fauth%2Fgmail.readonly HTTP/1.1" 301 521 "-" "Mozilla/5.0 (Windows NT 10.0; Win64; x64) AppleWebKit/537.36 (KHTML, like Gecko) Chrome/69.0.3497.100 Safari/537.36"
::1 - - [23/Sep/2018:16:08:00 +0000] "GET /oauthcallback/?code=4%2FYwBpXD8r4NzgTMIZmBG56ixE-yNZ2Jg1z7zlpkcCUPfXcaIYYrfrTzNHpaC4dsyg7sBBb7OKdBr9pKXz-COG-jo&scope=https%3A%2F%2Fwww.googleapis.com%2Fauth%2Fgmail.readonly HTTP/1.1" 200 201 "-" "Mozilla/5.0 (Windows NT 10.0; Win64; x64) AppleWebKit/537.36 (KHTML, like Gecko) Chrome/69.0.3497.100 Safari/537.36"
::1 - - [23/Sep/2018:16:10:24 +0000] "GET /token?code=4%2F2FYwBpXD8r4NzgTMIZmBG56ixE-yNZ2Jg1z7zlpkcCUPfXcaIYYrfrTzNHpaC4dsyg7sBBb7OKdBr9pKXz-COG-jo HTTP/1.1" 200 0 "http://localhost:8082/" "Mozilla/5.0 (Windows NT 10.0; Win64; x64) AppleWebKit/537.36 (KHTML, like Gecko) Chrome/69.0.3497.100 Safari/537.36"
